<?xml version="1.0" encoding="UTF-8"?>
<!-- Generated by org.testng.reporters.JUnitReportReporter -->
<testsuite hostname="LAPTOP-22RTROP7" failures="0" tests="5" name="Test.testOne" time="24.442" errors="0" timestamp="2022-06-27T22:27:52 IST" skipped="0">
  <testcase classname="Test.testOne" name="hitWebsite" time="24.212"/>
  <system-out/>
  <testcase classname="Test.testOne" name="checkFormText" time="0.066"/>
  <system-out/>
  <testcase classname="Test.testOne" name="checkAlertsText" time="0.055"/>
  <system-out/>
  <testcase classname="Test.testOne" name="checkWidgetsText" time="0.050"/>
  <system-out/>
  <testcase classname="Test.testOne" name="checkInteractionsText" time="0.059"/>
  <system-out/>
</testsuite> <!-- Test.testOne -->
